<?xml version="1.0" encoding="UTF-8" ?>
<root>
  <body>
    <dec_entity>&#12345678;</dec_entity>
  </body>
</root>
