<?xml version="1.0" encoding="UTF-8" ?>
<root>
  <body>
    <hex_entity>&#x12345678;</hex_entity>
  </body>
</root>
